<?xml version="1.0" encoding="UTF-8"?>
<testng-results ignored="0" total="1" passed="1" failed="0" skipped="0">
  <reporter-output>
  </reporter-output>
  <suite started-at="2024-07-30T07:21:18Z" name="Suite" finished-at="2024-07-30T07:22:52Z" duration-ms="94477">
    <groups>
      <group name="RegressionTest">
        <method signature="Campaign.Createcampaignproduct()[pri:0, instance:com.comcast.CRM.ContactTest.Campaign@710c2b53]" name="Createcampaignproduct" class="com.comcast.CRM.ContactTest.Campaign"/>
      </group> <!-- RegressionTest -->
    </groups>
    <test started-at="2024-07-30T07:21:18Z" name="Test" finished-at="2024-07-30T07:22:52Z" duration-ms="94477">
      <class name="com.comcast.CRM.ContactTest.Campaign">
        <test-method is-config="true" signature="openbrowser(java.lang.String)[pri:0, instance:com.comcast.CRM.ContactTest.Campaign@710c2b53]" started-at="2024-07-30T07:21:18Z" name="openbrowser" finished-at="2024-07-30T07:21:22Z" duration-ms="4639" status="PASS">
          <params>
            <param index="0">
              <value>
                <![CDATA[firefox]]>
              </value>
            </param>
          </params>
          <reporter-output>
          </reporter-output>
        </test-method> <!-- openbrowser -->
        <test-method is-config="true" signature="Login()[pri:0, instance:com.comcast.CRM.ContactTest.Campaign@710c2b53]" started-at="2024-07-30T07:21:22Z" name="Login" finished-at="2024-07-30T07:21:44Z" duration-ms="21718" status="PASS">
          <reporter-output>
          </reporter-output>
        </test-method> <!-- Login -->
        <test-method signature="Createcampaignproduct()[pri:0, instance:com.comcast.CRM.ContactTest.Campaign@710c2b53]" started-at="2024-07-30T07:21:44Z" name="Createcampaignproduct" finished-at="2024-07-30T07:22:48Z" duration-ms="64449" status="PASS">
          <reporter-output>
          </reporter-output>
        </test-method> <!-- Createcampaignproduct -->
        <test-method is-config="true" signature="logout()[pri:0, instance:com.comcast.CRM.ContactTest.Campaign@710c2b53]" started-at="2024-07-30T07:22:49Z" name="logout" finished-at="2024-07-30T07:22:52Z" duration-ms="3451" status="PASS">
          <reporter-output>
          </reporter-output>
        </test-method> <!-- logout -->
        <test-method is-config="true" signature="closebrowser()[pri:0, instance:com.comcast.CRM.ContactTest.Campaign@710c2b53]" started-at="2024-07-30T07:22:52Z" name="closebrowser" finished-at="2024-07-30T07:22:52Z" duration-ms="187" status="PASS">
          <reporter-output>
          </reporter-output>
        </test-method> <!-- closebrowser -->
      </class> <!-- com.comcast.CRM.ContactTest.Campaign -->
    </test> <!-- Test -->
  </suite> <!-- Suite -->
</testng-results>
